<?xml version="1.0" encoding="UTF-8"?>
<!-- Generated by org.testng.reporters.JUnitReportReporter -->
<testsuite skipped="0" hostname="Nonglucks-MBP.fios-router.home" name="testCases.LoginTest" tests="1" failures="0" timestamp="2022-03-12T22:53:53 EST" time="29.759" errors="0">
  <testcase name="loginPage" time="29.759" classname="testCases.LoginTest"/>
  <system-out/>
</testsuite> <!-- testCases.LoginTest -->
